<?xml version="1.0" encoding="UTF-8"?>
<!-- Generated by org.testng.reporters.JUnitReportReporter -->
<testsuite hostname="Admin" failures="0" tests="1" name="com.admin.nopcommerce.Level_06_UploadFiles" time="0.003" errors="0" timestamp="19 Sep 2021 13:26:34 GMT" skipped="0">
  <testcase classname="com.admin.nopcommerce.Level_06_UploadFiles" name="TC_04" time="0.003"/>
</testsuite> <!-- com.admin.nopcommerce.Level_06_UploadFiles -->
