<?xml version="1.0" encoding="UTF-8"?>
<!-- Generated by org.testng.reporters.JUnitReportReporter -->
<testsuite hostname="Admin" failures="0" tests="3" name="com.nopcommerce.login.Level_03_Switch_Page_Objects" time="13.572" errors="0" timestamp="16 Sep 2021 13:54:01 GMT" skipped="0">
  <testcase classname="com.nopcommerce.login.Level_03_Switch_Page_Objects" name="TC_03_Switch_Page_Objects" time="3.650"/>
  <testcase classname="com.nopcommerce.login.Level_03_Switch_Page_Objects" name="Login_02_Login_To_System" time="1.415"/>
  <testcase classname="com.nopcommerce.login.Level_03_Switch_Page_Objects" name="Login_01_Register_To_System" time="8.507"/>
</testsuite> <!-- com.nopcommerce.login.Level_03_Switch_Page_Objects -->
